[10:28:01] [ServerMain/INFO]: [bootstrap] Running Java 21 (Java HotSpot(TM) 64-Bit Server VM 21.0.5+9-LTS-239; Oracle Corporation null) on Windows 11 10.0 (amd64)
[10:28:01] [ServerMain/INFO]: [bootstrap] Loading Paper 1.21.5-114-ver/1.21.5@a1b3058 (2025-06-18T10:59:02Z) for Minecraft 1.21.5
[10:28:01] [ServerMain/INFO]: [PluginInitializerManager] Initializing plugins...
[10:28:01] [ServerMain/INFO]: [PluginInitializerManager] Initialized 2 plugins
[10:28:01] [ServerMain/INFO]: [PluginInitializerManager] Bukkit plugins (2):
 - Geyser-Spigot (2.9.0-SNAPSHOT), ViaVersion (5.5.1)
[10:28:05] [ServerMain/INFO]: Environment: Environment[sessionHost=https://sessionserver.mojang.com, servicesHost=https://api.minecraftservices.com, name=PROD]
[10:28:06] [ServerMain/INFO]: Loaded 1373 recipes
[10:28:06] [ServerMain/INFO]: Loaded 1484 advancements
[10:28:06] [Server thread/INFO]: Starting minecraft server version 1.21.5
[10:28:06] [Server thread/INFO]: Loading properties
[10:28:06] [Server thread/INFO]: This server is running Paper version 1.21.5-114-ver/1.21.5@a1b3058 (2025-06-18T10:59:02Z) (Implementing API version 1.21.5-R0.1-SNAPSHOT)
[10:28:06] [Server thread/INFO]: [spark] This server bundles the spark profiler. For more information please visit https://docs.papermc.io/paper/profiling
[10:28:07] [Server thread/INFO]: Server Ping Player Sample Count: 12
[10:28:07] [Server thread/INFO]: Using 4 threads for Netty based IO
[10:28:07] [Server thread/ERROR]: [Configurations] Loading a newer configuration than is supported (30 > 29)! You may have to backup & delete your global config file to start the server.
[10:28:07] [Server thread/INFO]: [MoonriseCommon] Paper is using 4 worker threads, 1 I/O threads
[10:28:07] [Server thread/INFO]: [ChunkTaskScheduler] Chunk system is using population gen parallelism: true
[10:28:07] [Server thread/INFO]: Default game type: SURVIVAL
[10:28:07] [Server thread/INFO]: Generating keypair
[10:28:07] [Server thread/INFO]: Starting Minecraft server on *:25565
[10:28:07] [Server thread/INFO]: Using default channel type
[10:28:07] [Server thread/INFO]: Paper: Using Java compression from Velocity.
[10:28:07] [Server thread/INFO]: Paper: Using Java cipher from Velocity.
[10:28:08] [Server thread/INFO]: [ViaVersion] Loading server plugin ViaVersion v5.5.1
[10:28:08] [Server thread/INFO]: [ViaVersion] ViaVersion 5.5.1 is now loaded. Registering protocol transformers and injecting...
[10:28:08] [Via-Mappingloader-0/INFO]: [ViaVersion] Loading block connection mappings ...
[10:28:08] [Via-Mappingloader-0/INFO]: [ViaVersion] Using FastUtil Long2ObjectOpenHashMap for block connections
[10:28:09] [Server thread/INFO]: [Geyser-Spigot] Loading server plugin Geyser-Spigot v2.9.0-SNAPSHOT
[10:28:09] [Server thread/INFO]: [Geyser-Spigot] Loading extensions...
[10:28:09] [Server thread/INFO]: [Geyser-Spigot] Enabled extension MCXboxBroadcast
[10:28:09] [Server thread/INFO]: [Geyser-Spigot] Loaded 1 extension(s)
[10:28:09] [Server thread/INFO]: Server permissions file permissions.yml is empty, ignoring it
[10:28:09] [Server thread/WARN]: **** SERVER IS RUNNING IN OFFLINE/INSECURE MODE!
[10:28:09] [Server thread/WARN]: The server will make no attempt to authenticate usernames. Beware.
[10:28:09] [Server thread/WARN]: While this makes the game possible to play without internet access, it also opens up the ability for hackers to connect with any username they choose.
[10:28:09] [Server thread/WARN]: To change this, set "online-mode" to "true" in the server.properties file.
[10:28:09] [Server thread/INFO]: Preparing level "world"
[10:28:09] [Server thread/INFO]: Preparing start region for dimension minecraft:overworld
[10:28:10] [Server thread/INFO]: Preparing spawn area: 0%
[10:28:10] [Server thread/INFO]: Preparing spawn area: 0%
[10:28:10] [Server thread/INFO]: Time elapsed: 660 ms
[10:28:10] [Server thread/INFO]: Preparing start region for dimension minecraft:the_nether
[10:28:10] [Server thread/INFO]: Preparing spawn area: 0%
[10:28:10] [Server thread/INFO]: Time elapsed: 62 ms
[10:28:10] [Server thread/INFO]: Preparing start region for dimension minecraft:the_end
[10:28:10] [Server thread/INFO]: Preparing spawn area: 0%
[10:28:10] [Server thread/INFO]: Time elapsed: 31 ms
[10:28:10] [Server thread/INFO]: [ViaVersion] Enabling ViaVersion v5.5.1
[10:28:10] [Server thread/INFO]: [ViaVersion] ViaVersion detected server version: 1.21.5 (770)
[10:28:10] [Server thread/INFO]: [Geyser-Spigot] Enabling Geyser-Spigot v2.9.0-SNAPSHOT
[10:28:11] [Server thread/INFO]: [spark] Starting background profiler...
[10:28:11] [Server thread/INFO]: [spark] The async-profiler engine is not supported for your os/arch (windows11/amd64), so the built-in Java engine will be used instead.
[10:28:12] [Server thread/INFO]: [Geyser-Spigot] ******************************************
[10:28:12] [Server thread/INFO]: [Geyser-Spigot] 
[10:28:12] [Server thread/INFO]: [Geyser-Spigot] Loading Geyser version 2.9.0-b980 (git-master-0488023)
[10:28:12] [Server thread/INFO]: [Geyser-Spigot] 
[10:28:12] [Server thread/INFO]: [Geyser-Spigot] ******************************************
[10:28:14] [Server thread/INFO]: [Geyser-Spigot] Started Geyser on UDP port 19132
[10:28:14] [Server thread/INFO]: [Geyser-Spigot] [mcxboxbroadcast] Starting MCXboxBroadcast Extension build 112 (git-master-32f42da) for Bedrock 1.21.120 (859)
[10:28:14] [Server thread/INFO]: [Geyser-Spigot] Done (2.299s)! Run /geyser help for help!
[10:28:14] [Server thread/INFO]: Done preparing level "world" (5.111s)
[10:28:14] [Server thread/INFO]: Running delayed init tasks
[10:28:14] [Server thread/INFO]: Done (14.196s)! For help, type "help"
[10:28:14] [Craft Scheduler Thread - 0 - ViaVersion/INFO]: [ViaVersion] Finished mapping loading, shutting down loader executor.
[10:28:14] [MCXboxBroadcast Thread-1/INFO]: [Geyser-Spigot] [mcxboxbroadcast] [Primary Session] Starting SessionManager...
[10:28:14] [MCXboxBroadcast Thread-1/INFO]: [Geyser-Spigot] [mcxboxbroadcast] [Auth] Getting device code for MSA login...
[10:28:15] [MCXboxBroadcast Thread-1/INFO]: [Geyser-Spigot] [mcxboxbroadcast] [Auth] Got MSA device code, expires: 2025-11-10T10:43:15.162-05:00[America/New_York]
[10:28:15] [MCXboxBroadcast Thread-1/INFO]: [Geyser-Spigot] [mcxboxbroadcast] [Auth] To sign in, use a web browser to open the page https://www.microsoft.com/link and enter the code 8F8YS4SC to authenticate.
[10:28:15] [MCXboxBroadcast Thread-1/INFO]: [Geyser-Spigot] [mcxboxbroadcast] [Auth] Waiting for MSA login via device code...
[10:29:46] [Server thread/INFO]: Stopping the server
[10:29:47] [Server thread/INFO]: Stopping server
[10:29:47] [Server thread/INFO]: [Geyser-Spigot] Disabling Geyser-Spigot v2.9.0-SNAPSHOT
[10:29:47] [Server thread/INFO]: [Geyser-Spigot] Shutting down Geyser.
[10:29:47] [Server thread/INFO]: [Geyser-Spigot] Disabled extension MCXboxBroadcast
[10:29:47] [Server thread/INFO]: [Geyser-Spigot] Geyser shutdown successfully.
[10:29:47] [MCXboxBroadcast Thread-1/WARN]: [Geyser-Spigot] [mcxboxbroadcast] [Auth] Failed to get/refresh auth token
java.lang.InterruptedException: sleep interrupted
	at java.base/java.lang.Thread.sleep0(Native Method) ~[?:?]
	at java.base/java.lang.Thread.sleep(Thread.java:509) ~[?:?]
	at com.rtm516.mcxboxbroadcast.shaded.net.raphimc.minecraftauth.step.msa.StepMsaDeviceCodeMsaCode.execute(StepMsaDeviceCodeMsaCode.java:74) ~[?:?]
	at com.rtm516.mcxboxbroadcast.shaded.net.raphimc.minecraftauth.step.msa.StepMsaDeviceCodeMsaCode.execute(StepMsaDeviceCodeMsaCode.java:37) ~[?:?]
	at com.rtm516.mcxboxbroadcast.shaded.net.raphimc.minecraftauth.step.AbstractStep.getFromInput(AbstractStep.java:77) ~[?:?]
	at com.rtm516.mcxboxbroadcast.shaded.net.raphimc.minecraftauth.step.AbstractStep.getFromInput(AbstractStep.java:77) ~[?:?]
	at com.rtm516.mcxboxbroadcast.shaded.net.raphimc.minecraftauth.step.msa.StepMsaToken.getFromInput(StepMsaToken.java:68) ~[?:?]
	at com.rtm516.mcxboxbroadcast.shaded.net.raphimc.minecraftauth.step.msa.StepMsaToken.getFromInput(StepMsaToken.java:36) ~[?:?]
	at com.rtm516.mcxboxbroadcast.shaded.net.raphimc.minecraftauth.step.BiMergeStep.getFromInput(BiMergeStep.java:53) ~[?:?]
	at com.rtm516.mcxboxbroadcast.shaded.net.raphimc.minecraftauth.step.BiMergeStep.getFromInput(BiMergeStep.java:23) ~[?:?]
	at com.rtm516.mcxboxbroadcast.shaded.net.raphimc.minecraftauth.step.AbstractStep.getFromInput(AbstractStep.java:77) ~[?:?]
	at com.rtm516.mcxboxbroadcast.core.AuthManager.initialise(AuthManager.java:100) ~[?:?]
	at com.rtm516.mcxboxbroadcast.core.AuthManager.getXboxToken(AuthManager.java:160) ~[?:?]
	at com.rtm516.mcxboxbroadcast.core.SessionManagerCore.getXboxToken(SessionManagerCore.java:139) ~[?:?]
	at com.rtm516.mcxboxbroadcast.core.SessionManagerCore.init(SessionManagerCore.java:156) ~[?:?]
	at com.rtm516.mcxboxbroadcast.core.SessionManager.init(SessionManager.java:79) ~[?:?]
	at com.rtm516.mcxboxbroadcast.bootstrap.geyser.MCXboxBroadcastExtension.createSession(MCXboxBroadcastExtension.java:226) ~[?:?]
	at com.rtm516.mcxboxbroadcast.bootstrap.geyser.MCXboxBroadcastExtension.lambda$onPostInitialize$4(MCXboxBroadcastExtension.java:193) ~[?:?]
	at java.base/java.util.concurrent.Executors$RunnableAdapter.call(Executors.java:572) ~[?:?]
	at java.base/java.util.concurrent.FutureTask.run(FutureTask.java:317) ~[?:?]
	at java.base/java.util.concurrent.ScheduledThreadPoolExecutor$ScheduledFutureTask.run(ScheduledThreadPoolExecutor.java:304) ~[?:?]
	at java.base/java.util.concurrent.ThreadPoolExecutor.runWorker(ThreadPoolExecutor.java:1144) ~[?:?]
	at java.base/java.util.concurrent.ThreadPoolExecutor$Worker.run(ThreadPoolExecutor.java:642) ~[?:?]
	at java.base/java.lang.Thread.run(Thread.java:1583) ~[?:?]
[10:29:47] [MCXboxBroadcast Thread-1/INFO]: [Geyser-Spigot] [mcxboxbroadcast] [Auth] Getting device code for MSA login...
[10:29:47] [Server thread/INFO]: [ViaVersion] Disabling ViaVersion v5.5.1
[10:29:47] [Server thread/INFO]: [ViaVersion] ViaVersion has been disabled; uninjected the platform and shut down the scheduler.
[10:29:47] [Server thread/INFO]: Saving players
[10:29:47] [Server thread/INFO]: Saving worlds
[10:29:47] [Server thread/INFO]: Saving chunks for level 'ServerLevel[world]'/minecraft:overworld
[10:29:47] [Server thread/INFO]: [ChunkHolderManager] Waiting 60s for chunk system to halt for world 'world'
[10:29:47] [Server thread/INFO]: [ChunkHolderManager] Halted chunk system for world 'world'
[10:29:47] [Server thread/INFO]: [ChunkHolderManager] Saving all chunkholders for world 'world'
[10:29:47] [Server thread/INFO]: [ChunkHolderManager] Saved 49 block chunks, 49 entity chunks, 0 poi chunks in world 'world' in 0.13s
[10:29:47] [Server thread/INFO]: [ChunkHolderManager] Waiting 60s for chunk I/O to halt for world 'world'
[10:29:47] [Server thread/INFO]: [ChunkHolderManager] Halted I/O scheduler for world 'world'
[10:29:47] [Server thread/INFO]: Saving chunks for level 'ServerLevel[world_nether]'/minecraft:the_nether
[10:29:47] [Server thread/INFO]: [ChunkHolderManager] Waiting 60s for chunk system to halt for world 'world_nether'
[10:29:47] [Server thread/INFO]: [ChunkHolderManager] Halted chunk system for world 'world_nether'
[10:29:47] [Server thread/INFO]: [ChunkHolderManager] Saving all chunkholders for world 'world_nether'
[10:29:47] [Server thread/INFO]: [ChunkHolderManager] Saved 49 block chunks, 49 entity chunks, 0 poi chunks in world 'world_nether' in 0.03s
[10:29:47] [Server thread/INFO]: [ChunkHolderManager] Waiting 60s for chunk I/O to halt for world 'world_nether'
[10:29:47] [Server thread/INFO]: [ChunkHolderManager] Halted I/O scheduler for world 'world_nether'
[10:29:47] [Server thread/INFO]: Saving chunks for level 'ServerLevel[world_the_end]'/minecraft:the_end
[10:29:47] [Server thread/INFO]: [ChunkHolderManager] Waiting 60s for chunk system to halt for world 'world_the_end'
[10:29:47] [Server thread/INFO]: [ChunkHolderManager] Halted chunk system for world 'world_the_end'
[10:29:47] [Server thread/INFO]: [ChunkHolderManager] Saving all chunkholders for world 'world_the_end'
[10:29:47] [MCXboxBroadcast Thread-1/INFO]: [Geyser-Spigot] [mcxboxbroadcast] [Auth] Got MSA device code, expires: 2025-11-10T10:44:47.484-05:00[America/New_York]
[10:29:47] [MCXboxBroadcast Thread-1/INFO]: [Geyser-Spigot] [mcxboxbroadcast] [Auth] To sign in, use a web browser to open the page https://www.microsoft.com/link and enter the code C3F4TA8U to authenticate.
[10:29:47] [MCXboxBroadcast Thread-1/INFO]: [Geyser-Spigot] [mcxboxbroadcast] [Auth] Waiting for MSA login via device code...
[10:29:47] [Server thread/INFO]: [ChunkHolderManager] Saved 49 block chunks, 49 entity chunks, 0 poi chunks in world 'world_the_end' in 0.02s
[10:29:47] [Server thread/INFO]: [ChunkHolderManager] Waiting 60s for chunk I/O to halt for world 'world_the_end'
[10:29:47] [Server thread/INFO]: [ChunkHolderManager] Halted I/O scheduler for world 'world_the_end'
[10:29:47] [Server thread/INFO]: ThreadedAnvilChunkStorage (world): All chunks are saved
[10:29:47] [Server thread/INFO]: ThreadedAnvilChunkStorage (DIM-1): All chunks are saved
[10:29:47] [Server thread/INFO]: ThreadedAnvilChunkStorage (DIM1): All chunks are saved
[10:29:47] [Server thread/INFO]: ThreadedAnvilChunkStorage: All dimensions are saved
[10:29:47] [Server thread/INFO]: Waiting for all RegionFile I/O tasks to complete...
[10:29:47] [Server thread/INFO]: All RegionFile I/O tasks to complete
[10:29:47] [Server thread/INFO]: [MoonriseCommon] Awaiting termination of worker pool for up to 60s...
[10:29:47] [Server thread/INFO]: [MoonriseCommon] Awaiting termination of I/O pool for up to 60s...
